2023-02-08 06:49:59.440+0000 WARN  Use of deprecated setting 'dbms.memory.pagecache.size'. It is replaced by 'server.memory.pagecache.size'.
2023-02-08 06:49:59.445+0000 WARN  Use of deprecated setting 'dbms.memory.heap.max_size'. It is replaced by 'server.memory.heap.max_size'.
2023-02-08 06:49:59.460+0000 INFO  Starting...
2023-02-08 06:49:59.951+0000 INFO  This instance is ServerId{2489560f} (2489560f-ac3d-443a-8d3e-89599e989ea5)
2023-02-08 06:50:00.708+0000 INFO  ======== Neo4j 5.4.0 ========
2023-02-08 06:50:02.413+0000 INFO  Bolt enabled on 0.0.0.0:7687.
2023-02-08 06:50:03.109+0000 INFO  Remote interface available at http://localhost:7474/
2023-02-08 06:50:03.113+0000 INFO  id: 744017D71C6597AD9CC8C2C7A95F544D3BF8831A946CAA921F37F73D35F62A9F
2023-02-08 06:50:03.113+0000 INFO  name: system
2023-02-08 06:50:03.113+0000 INFO  creationDate: 2023-02-08T06:50:01.215Z
2023-02-08 06:50:03.114+0000 INFO  Started.
2023-02-08 06:50:14.610+0000 WARN  The client is unauthorized due to authentication failure.
2023-02-08 06:50:14.651+0000 WARN  The client is unauthorized due to authentication failure.
2023-02-08 06:50:19.166+0000 WARN  The client is unauthorized due to authentication failure.
2023-02-08 06:50:19.199+0000 WARN  The client has provided incorrect authentication details too many times in a row.
2023-02-08 06:50:22.167+0000 WARN  The client has provided incorrect authentication details too many times in a row.
2023-02-08 06:50:22.198+0000 WARN  The client has provided incorrect authentication details too many times in a row.
2023-02-08 06:50:33.914+0000 WARN  The client is unauthorized due to authentication failure.
2023-02-08 06:50:33.950+0000 WARN  The client has provided incorrect authentication details too many times in a row.
2023-02-08 06:53:32.636+0000 INFO  Neo4j Server shutdown initiated by request
2023-02-08 06:53:32.637+0000 INFO  Stopping...
2023-02-08 06:53:37.702+0000 INFO  Stopped.
2023-02-08 06:57:46.215+0000 WARN  Use of deprecated setting 'dbms.memory.pagecache.size'. It is replaced by 'server.memory.pagecache.size'.
2023-02-08 06:57:46.220+0000 WARN  Use of deprecated setting 'dbms.memory.heap.max_size'. It is replaced by 'server.memory.heap.max_size'.
2023-02-08 06:57:46.234+0000 INFO  Starting...
2023-02-08 06:57:46.764+0000 INFO  This instance is ServerId{2d8403e5} (2d8403e5-9e87-4e58-93be-dafbec05789e)
2023-02-08 06:57:47.551+0000 INFO  ======== Neo4j 5.4.0 ========
2023-02-08 06:57:49.565+0000 INFO  Bolt enabled on 0.0.0.0:7687.
2023-02-08 06:57:50.224+0000 INFO  Remote interface available at http://localhost:7474/
2023-02-08 06:57:50.227+0000 INFO  id: 80AF1E2D59E97C69D488908CA8C1A27EADE737D42E30930786B9E70AAA3FAD9A
2023-02-08 06:57:50.228+0000 INFO  name: system
2023-02-08 06:57:50.228+0000 INFO  creationDate: 2023-02-08T06:57:48.075Z
2023-02-08 06:57:50.228+0000 INFO  Started.
2023-02-08 06:58:44.191+0000 INFO  Neo4j Server shutdown initiated by request
2023-02-08 06:58:44.191+0000 INFO  Stopping...
2023-02-08 06:58:49.252+0000 INFO  Stopped.
2023-02-08 07:01:48.183+0000 WARN  Use of deprecated setting 'dbms.memory.pagecache.size'. It is replaced by 'server.memory.pagecache.size'.
2023-02-08 07:01:48.187+0000 WARN  Use of deprecated setting 'dbms.memory.heap.max_size'. It is replaced by 'server.memory.heap.max_size'.
2023-02-08 07:01:48.201+0000 INFO  Starting...
2023-02-08 07:01:48.765+0000 INFO  This instance is ServerId{2d8403e5} (2d8403e5-9e87-4e58-93be-dafbec05789e)
2023-02-08 07:01:49.695+0000 INFO  ======== Neo4j 5.4.0 ========
2023-02-08 07:01:51.182+0000 INFO  Bolt enabled on 0.0.0.0:7687.
2023-02-08 07:01:52.101+0000 INFO  Remote interface available at http://localhost:7474/
2023-02-08 07:01:52.104+0000 INFO  id: 80AF1E2D59E97C69D488908CA8C1A27EADE737D42E30930786B9E70AAA3FAD9A
2023-02-08 07:01:52.105+0000 INFO  name: system
2023-02-08 07:01:52.105+0000 INFO  creationDate: 2023-02-08T06:57:48.075Z
2023-02-08 07:01:52.106+0000 INFO  Started.
2023-02-08 07:05:04.508+0000 INFO  Neo4j Server shutdown initiated by request
2023-02-08 07:05:04.509+0000 INFO  Stopping...
2023-02-08 07:05:09.674+0000 INFO  Stopped.
2023-02-08 07:05:24.615+0000 WARN  Use of deprecated setting 'dbms.memory.pagecache.size'. It is replaced by 'server.memory.pagecache.size'.
2023-02-08 07:05:24.619+0000 WARN  Use of deprecated setting 'dbms.memory.heap.max_size'. It is replaced by 'server.memory.heap.max_size'.
2023-02-08 07:05:24.631+0000 INFO  Starting...
2023-02-08 07:05:25.087+0000 INFO  This instance is ServerId{2d8403e5} (2d8403e5-9e87-4e58-93be-dafbec05789e)
2023-02-08 07:05:25.990+0000 INFO  ======== Neo4j 5.4.0 ========
2023-02-08 07:05:27.548+0000 INFO  Bolt enabled on 0.0.0.0:7687.
2023-02-08 07:05:28.300+0000 INFO  Remote interface available at http://localhost:7474/
2023-02-08 07:05:28.304+0000 INFO  id: 80AF1E2D59E97C69D488908CA8C1A27EADE737D42E30930786B9E70AAA3FAD9A
2023-02-08 07:05:28.305+0000 INFO  name: system
2023-02-08 07:05:28.305+0000 INFO  creationDate: 2023-02-08T06:57:48.075Z
2023-02-08 07:05:28.305+0000 INFO  Started.
2023-02-08 07:05:38.924+0000 INFO  Neo4j Server shutdown initiated by request
2023-02-08 07:05:38.925+0000 INFO  Stopping...
2023-02-08 07:05:44.048+0000 INFO  Stopped.
2023-02-08 07:06:04.332+0000 WARN  Use of deprecated setting 'dbms.memory.pagecache.size'. It is replaced by 'server.memory.pagecache.size'.
2023-02-08 07:06:04.336+0000 WARN  Use of deprecated setting 'dbms.memory.heap.max_size'. It is replaced by 'server.memory.heap.max_size'.
2023-02-08 07:06:04.344+0000 INFO  Starting...
2023-02-08 07:06:04.815+0000 INFO  This instance is ServerId{2d8403e5} (2d8403e5-9e87-4e58-93be-dafbec05789e)
2023-02-08 07:06:05.604+0000 INFO  ======== Neo4j 5.4.0 ========
2023-02-08 07:06:07.083+0000 INFO  Bolt enabled on 0.0.0.0:7687.
2023-02-08 07:06:07.757+0000 INFO  Remote interface available at http://localhost:7474/
2023-02-08 07:06:07.761+0000 INFO  id: 80AF1E2D59E97C69D488908CA8C1A27EADE737D42E30930786B9E70AAA3FAD9A
2023-02-08 07:06:07.761+0000 INFO  name: system
2023-02-08 07:06:07.762+0000 INFO  creationDate: 2023-02-08T06:57:48.075Z
2023-02-08 07:06:07.762+0000 INFO  Started.
2023-02-08 07:06:30.198+0000 INFO  Neo4j Server shutdown initiated by request
2023-02-08 07:06:30.198+0000 INFO  Stopping...
2023-02-08 07:06:35.341+0000 INFO  Stopped.
2023-02-08 07:06:47.263+0000 WARN  Use of deprecated setting 'dbms.memory.pagecache.size'. It is replaced by 'server.memory.pagecache.size'.
2023-02-08 07:06:47.267+0000 WARN  Use of deprecated setting 'dbms.memory.heap.max_size'. It is replaced by 'server.memory.heap.max_size'.
2023-02-08 07:06:47.278+0000 INFO  Starting...
2023-02-08 07:06:47.777+0000 INFO  This instance is ServerId{2d8403e5} (2d8403e5-9e87-4e58-93be-dafbec05789e)
2023-02-08 07:06:49.160+0000 INFO  ======== Neo4j 5.4.0 ========
2023-02-08 07:06:50.753+0000 INFO  Bolt enabled on 0.0.0.0:7687.
2023-02-08 07:06:52.045+0000 INFO  Remote interface available at http://localhost:7474/
2023-02-08 07:06:52.058+0000 INFO  id: 80AF1E2D59E97C69D488908CA8C1A27EADE737D42E30930786B9E70AAA3FAD9A
2023-02-08 07:06:52.060+0000 INFO  name: system
2023-02-08 07:06:52.061+0000 INFO  creationDate: 2023-02-08T06:57:48.075Z
2023-02-08 07:06:52.063+0000 INFO  Started.
2023-02-08 07:07:42.606+0000 INFO  Neo4j Server shutdown initiated by request
2023-02-08 07:07:42.607+0000 INFO  Stopping...
2023-02-08 07:07:47.734+0000 INFO  Stopped.
2023-02-08 07:08:26.237+0000 WARN  Use of deprecated setting 'dbms.memory.pagecache.size'. It is replaced by 'server.memory.pagecache.size'.
2023-02-08 07:08:26.241+0000 WARN  Use of deprecated setting 'dbms.memory.heap.max_size'. It is replaced by 'server.memory.heap.max_size'.
2023-02-08 07:08:26.252+0000 INFO  Starting...
2023-02-08 07:08:26.830+0000 INFO  This instance is ServerId{2d8403e5} (2d8403e5-9e87-4e58-93be-dafbec05789e)
2023-02-08 07:08:27.782+0000 INFO  ======== Neo4j 5.4.0 ========
2023-02-08 07:08:29.491+0000 INFO  Bolt enabled on 0.0.0.0:7687.
2023-02-08 07:08:30.360+0000 INFO  Remote interface available at http://localhost:7474/
2023-02-08 07:08:30.364+0000 INFO  id: 80AF1E2D59E97C69D488908CA8C1A27EADE737D42E30930786B9E70AAA3FAD9A
2023-02-08 07:08:30.365+0000 INFO  name: system
2023-02-08 07:08:30.366+0000 INFO  creationDate: 2023-02-08T06:57:48.075Z
2023-02-08 07:08:30.366+0000 INFO  Started.
2023-02-08 07:12:35.470+0000 INFO  Neo4j Server shutdown initiated by request
2023-02-08 07:12:35.471+0000 INFO  Stopping...
2023-02-08 07:12:40.594+0000 INFO  Stopped.
2023-02-08 07:13:40.426+0000 WARN  Use of deprecated setting 'dbms.memory.pagecache.size'. It is replaced by 'server.memory.pagecache.size'.
2023-02-08 07:13:40.431+0000 WARN  Use of deprecated setting 'dbms.memory.heap.max_size'. It is replaced by 'server.memory.heap.max_size'.
2023-02-08 07:13:40.445+0000 INFO  Starting...
2023-02-08 07:13:40.933+0000 INFO  This instance is ServerId{2d8403e5} (2d8403e5-9e87-4e58-93be-dafbec05789e)
2023-02-08 07:13:41.743+0000 INFO  ======== Neo4j 5.4.0 ========
2023-02-08 07:13:43.040+0000 INFO  Bolt enabled on 0.0.0.0:7687.
2023-02-08 07:13:43.852+0000 INFO  Remote interface available at http://localhost:7474/
2023-02-08 07:13:43.857+0000 INFO  id: 80AF1E2D59E97C69D488908CA8C1A27EADE737D42E30930786B9E70AAA3FAD9A
2023-02-08 07:13:43.857+0000 INFO  name: system
2023-02-08 07:13:43.858+0000 INFO  creationDate: 2023-02-08T06:57:48.075Z
2023-02-08 07:13:43.858+0000 INFO  Started.
2023-02-08 07:20:36.222+0000 INFO  Neo4j Server shutdown initiated by request
2023-02-08 07:20:36.223+0000 INFO  Stopping...
2023-02-08 07:20:41.397+0000 INFO  Stopped.
2023-02-08 08:40:26.213+0000 WARN  Use of deprecated setting 'dbms.memory.pagecache.size'. It is replaced by 'server.memory.pagecache.size'.
2023-02-08 08:40:26.221+0000 WARN  Use of deprecated setting 'dbms.memory.heap.max_size'. It is replaced by 'server.memory.heap.max_size'.
2023-02-08 08:40:26.248+0000 INFO  Starting...
2023-02-08 08:40:27.149+0000 INFO  This instance is ServerId{2d8403e5} (2d8403e5-9e87-4e58-93be-dafbec05789e)
2023-02-08 08:40:28.707+0000 INFO  ======== Neo4j 5.4.0 ========
2023-02-08 08:40:31.283+0000 INFO  Bolt enabled on 0.0.0.0:7687.
2023-02-08 08:40:32.560+0000 INFO  Remote interface available at http://localhost:7474/
2023-02-08 08:40:32.567+0000 INFO  id: 80AF1E2D59E97C69D488908CA8C1A27EADE737D42E30930786B9E70AAA3FAD9A
2023-02-08 08:40:32.567+0000 INFO  name: system
2023-02-08 08:40:32.568+0000 INFO  creationDate: 2023-02-08T06:57:48.075Z
2023-02-08 08:40:32.568+0000 INFO  Started.
2023-02-08 08:41:00.954+0000 INFO  Neo4j Server shutdown initiated by request
2023-02-08 08:41:00.955+0000 INFO  Stopping...
2023-02-08 08:41:06.067+0000 INFO  Stopped.
